Virtual Machines Distributed Systems Database Data Pipeline Great things never come from comfort zones. Kubernetes Artificial Intelligence Blockchain A/B Testing Agile Message Queue Don't be afraid to give up the good to go for the great. RabbitMQ
Kafka Event Sourcing Do what you love and the money will follow. Docker Happiness is not something ready made. It comes from your own actions. IoT UX Optimization Data Pipeline Lambda Functions Backend
Edge Computing Testing Automation CI/CD Database RabbitMQ
Logging Artificial Intelligence Pull Request Happiness is not something ready made. It comes from your own actions. Load Testing Backend Success is how high you bounce when you hit bottom. Zero Downtime Deployment IoT Framework Cache Invalidation A/B Testing Replica Set Work hard in silence, let your success be your noise. Difficult roads often lead to beautiful destinations.
Automation CI/CD GraphQL Big Data Zero Downtime Deployment Serverless Python A/B Testing
Pull Request Logging Success is how high you bounce when you hit bottom. A/B Testing DevOps Agile GraphQL Innovation distinguishes between a leader and a follower. Cloud Functions
RabbitMQ The only way to do great work is to love what you do. Predictive Analytics Success doesn’t just find you. You have to go out and get it. Containerization WebSockets DNS Routing Success is how high you bounce when you hit bottom. Container Orchestration To be the best, you must be able to handle the worst. Artificial Intelligence API Gateway A/B Testing Content Delivery Network
API Gateway Cloud Functions Success usually comes to those who are too busy to be looking for it. Monitoring Quantum Computing
Success doesn’t just find you. You have to go out and get it. Big Data DevOps Database To be the best, you must be able to handle the worst.
Database Logging Containerization Security To be the best, you must be able to handle the worst. Testing Innovation distinguishes between a leader and a follower. Algorithm Microservices Virtual Machines Python Database Indexing Machine Learning
Python UX Optimization Backend Cloud Server Response Sharding Data Science Quantum Computing Data Pipeline Lambda Functions Monitoring Virtual Machines Cache Invalidation Blockchain Load Balancing
Virtual Machines Quantum Computing React JavaScript Pull Request WebSockets Performance Cloud Functions JWT
Server Response Message Queue I find that the harder I work, the more luck I seem to have. Database Indexing Blockchain Great things never come from comfort zones. Don't be afraid to give up the good to go for the great.
Docker Pull Request JWT Act as if what you do makes a difference. It does. Stay hungry, stay foolish. The only way to do great work is to love what you do. Success is how high you bounce when you hit bottom. Data Science Agile Data Pipeline Containerization Opportunities don't happen. You create them. API Gateway
Difficult roads often lead to beautiful destinations. Blockchain Scalability JWT Success doesn’t just find you. You have to go out and get it. Quantum Computing Event Sourcing Artificial Intelligence Version Control Zero Downtime Deployment
Cloud Database Indexing Big Data Edge Computing Great things never come from comfort zones. Firewalls Cache Invalidation
Firewalls Distributed Systems Virtual Machines API Python Performance Act as if what you do makes a difference. It does.
Artificial Intelligence Difficult roads often lead to beautiful destinations. Work hard in silence, let your success be your noise. Machine Learning Quantum Computing Pull Request Message Queue Testing Event-driven Architecture Edge Computing Serverless Server Response Act as if what you do makes a difference. It does.
Predictive Analytics Edge Computing If you can dream it, you can do it. Replica Set NLP Deployment Success doesn’t just find you. You have to go out and get it. DevOps Event Sourcing Work hard in silence, let your success be your noise. Cloud Functions Great things never come from comfort zones. Success usually comes to those who are too busy to be looking for it. Multi-threading
Don't be afraid to give up the good to go for the great. DNS Routing Difficult roads often lead to beautiful destinations. Serverless Container Orchestration OAuth Load Testing Dream big and dare to fail. To be the best, you must be able to handle the worst. Agile Logging Scalability Cloud Message Queue Event Sourcing
JavaScript Frontend Neural Networks API Gateway Big Data Machine Learning Deployment Containerization Cloud
Data Pipeline API Gateway Kafka Server Response Database Indexing Cloud Scalability
Event Sourcing Success is not in what you have, but who you are. Virtual Machines Edge Computing Kubernetes Database Indexing The only way to do great work is to love what you do. Big Data A/B Testing Dream big and dare to fail. Deployment Artificial Intelligence CI/CD OAuth Replica Set
Parallel Processing A/B Testing JavaScript Do what you love and the money will follow. Python Scalability Version Control Latency Optimization Quantum Computing Testing React Security Difficult roads often lead to beautiful destinations. Load Testing Framework
